{"activity":"listAll","resource":"CenterService","caseId":"No args","timestamp":"2025-10-10T19:03:03.702712"}
{"activity":"listAll","resource":"CenterService","caseId":"No args","timestamp":"2025-10-10T19:09:46.245913"}
{"activity":"myAll","resource":"BookingService","caseId":"UNKNOWN","timestamp":"2025-10-10T19:10:03.768627"}
{"activity":"listAll","resource":"CenterService","caseId":"No args","timestamp":"2025-10-10T19:14:59.052392"}
{"activity":"myAll","resource":"BookingService","caseId":"UNKNOWN","timestamp":"2025-10-10T19:15:16.565049"}
{"activity":"listAll","resource":"CenterService","caseId":"No args","timestamp":"2025-10-10T19:15:46.572576"}
{"activity":"myAll","resource":"BookingService","caseId":"UNKNOWN","timestamp":"2025-10-10T19:16:30.130909"}
{"activity":"myAll","resource":"BookingService","caseId":"UNKNOWN","timestamp":"2025-10-10T19:17:35.763789"}
{"activity":"myAll","resource":"BookingService","caseId":"UNKNOWN","timestamp":"2025-10-10T19:17:53.787418"}
{"activity":"listAll","resource":"CenterService","caseId":"No args","timestamp":"2025-10-10T19:20:21.178274"}
{"activity":"myAll","resource":"BookingService","caseId":"UNKNOWN","timestamp":"2025-10-10T20:00:55.481306"}
{"activity":"listAll","resource":"CenterService","caseId":"No args","timestamp":"2025-10-10T20:02:00.508146"}
{"activity":"bookCenterOnly","resource":"BookingService","caseId":"123456","timestamp":"2025-10-10T20:02:22.411292"}
{"activity":"myAll","resource":"BookingService","caseId":"UNKNOWN","timestamp":"2025-10-10T20:02:36.355343"}
{"activity":"cancel","resource":"BookingService","caseId":"11","timestamp":"2025-10-10T20:02:48.030743"}
{"activity":"myAll","resource":"BookingService","caseId":"UNKNOWN","timestamp":"2025-10-10T20:02:52.013495"}
{"activity":"bookCenterOnly","resource":"BookingService","caseId":"123456","timestamp":"2025-10-10T20:02:57.241533"}
{"activity":"myAll","resource":"BookingService","caseId":"UNKNOWN","timestamp":"2025-10-10T20:02:58.937458"}
{"activity":"completePass","resource":"BookingService","caseId":"12","timestamp":"2025-10-10T20:03:04.551085"}
{"activity":"paySuccess","resource":"BookingService","caseId":"12","timestamp":"2025-10-10T20:03:13.111567"}
{"activity":"myAll","resource":"BookingService","caseId":"UNKNOWN","timestamp":"2025-10-10T20:03:15.043599"}
{"activity":"listAll","resource":"CenterService","caseId":"No args","timestamp":"2025-10-10T20:03:46.992660"}
{"activity":"paySuccess","resource":"BookingService","caseId":"9","timestamp":"2025-10-10T20:06:20.421990"}
{"activity":"myAll","resource":"BookingService","caseId":"001","timestamp":"2025-10-10T20:08:33.373969"}
{"activity":"listAll","resource":"CenterService","caseId":"000","timestamp":"2025-10-10T20:09:17.618915"}
{"activity":"listAll","resource":"CenterService","caseId":"000","timestamp":"2025-10-10T20:09:23.057827"}
{"activity":"listAll","resource":"CenterService","caseId":"000","timestamp":"2025-10-10T20:09:23.572591"}
{"activity":"listAll","resource":"CenterService","caseId":"000","timestamp":"2025-10-10T20:09:24.308273"}
{"activity":"listAll","resource":"CenterService","caseId":"000","timestamp":"2025-10-10T23:13:30.549222600"}
{"activity":"listAll","resource":"CenterService","caseId":"000","timestamp":"2025-10-10T23:13:44.174000800"}
{"activity":"listAll","resource":"CenterService","caseId":"000","timestamp":"2025-10-10T23:14:32.809830400"}
{"activity":"listAll","resource":"CenterService","caseId":"000","timestamp":"2025-10-10T23:16:38.093751300"}
{"activity":"listAll","resource":"CenterService","caseId":"000","timestamp":"2025-10-10T23:18:08.326805100"}
{"activity":"listAll","resource":"CenterService","caseId":"000","timestamp":"2025-10-10T23:18:13.627869400"}
{"activity":"bookCenterOnly","resource":"BookingService","caseId":"2","timestamp":"2025-10-10T23:19:09.825985"}
{"activity":"myAll","resource":"BookingService","caseId":"001","timestamp":"2025-10-10T23:19:21.047913600"}
{"activity":"cancel","resource":"BookingService","caseId":"11","timestamp":"2025-10-10T23:19:29.395833800"}
{"activity":"listAll","resource":"CenterService","caseId":"000","timestamp":"2025-10-10T23:19:45.239560800"}
{"activity":"myAll","resource":"BookingService","caseId":"001","timestamp":"2025-10-10T23:19:49.276345"}
