{"activity":"listAll","resource":"CenterService","caseId":"No args","timestamp":"2025-10-09T21:33:55.007942"}
{"activity":"listAll","resource":"CenterService","caseId":"No args","timestamp":"2025-10-09T21:34:06.853243"}
{"activity":"listAll","resource":"CenterService","caseId":"No args","timestamp":"2025-10-09T21:34:07.634998"}
{"activity":"listAll","resource":"CenterService","caseId":"No args","timestamp":"2025-10-09T21:51:23.004823"}
{"activity":"listAll","resource":"CenterService","caseId":"No args","timestamp":"2025-10-09T21:53:48.158571"}
{"activity":"bookCenterOnly","resource":"BookingService","caseId":"2","timestamp":"2025-10-09T21:54:36.260706"}
{"activity":"myAll","resource":"BookingService","caseId":"UNKNOWN","timestamp":"2025-10-09T22:02:04.512987"}
{"activity":"myAll","resource":"BookingService","caseId":"UNKNOWN","timestamp":"2025-10-09T22:06:25.738024"}
{"activity":"listAll","resource":"CenterService","caseId":"No args","timestamp":"2025-10-09T22:08:12.757862"}
{"activity":"myAll","resource":"BookingService","caseId":"UNKNOWN","timestamp":"2025-10-09T22:08:56.221983"}
{"activity":"myAll","resource":"BookingService","caseId":"UNKNOWN","timestamp":"2025-10-09T22:11:11.232197"}
{"activity":"myAll","resource":"BookingService","caseId":"UNKNOWN","timestamp":"2025-10-09T22:17:46.594881"}
{"activity":"listAll","resource":"CenterService","caseId":"No args","timestamp":"2025-10-09T22:18:04.302020"}
{"activity":"bookCenterOnly","resource":"BookingService","caseId":"3","timestamp":"2025-10-09T22:18:36.452184"}
{"activity":"myAll","resource":"BookingService","caseId":"UNKNOWN","timestamp":"2025-10-09T22:18:41.062408"}
{"activity":"cancel","resource":"BookingService","caseId":"7","timestamp":"2025-10-09T22:19:18.791188"}
{"activity":"myAll","resource":"BookingService","caseId":"UNKNOWN","timestamp":"2025-10-09T22:19:22.630712"}
{"activity":"myAll","resource":"BookingService","caseId":"UNKNOWN","timestamp":"2025-10-09T22:25:52.874560"}
{"activity":"listAll","resource":"CenterService","caseId":"No args","timestamp":"2025-10-09T22:27:29.350202"}
{"activity":"myAll","resource":"BookingService","caseId":"UNKNOWN","timestamp":"2025-10-09T22:31:40.700358"}
{"activity":"myAll","resource":"BookingService","caseId":"UNKNOWN","timestamp":"2025-10-09T22:33:49.727100"}
{"activity":"cancel","resource":"BookingService","caseId":"6","timestamp":"2025-10-09T22:41:53.254677"}
{"activity":"myAll","resource":"BookingService","caseId":"UNKNOWN","timestamp":"2025-10-09T22:42:18.152900"}
{"activity":"listAll","resource":"CenterService","caseId":"No args","timestamp":"2025-10-09T22:42:26.517325"}
{"activity":"bookCenterOnly","resource":"BookingService","caseId":"2","timestamp":"2025-10-09T22:42:47.235670"}
{"activity":"myAll","resource":"BookingService","caseId":"UNKNOWN","timestamp":"2025-10-09T22:42:50.621380"}
{"activity":"myAll","resource":"BookingService","caseId":"UNKNOWN","timestamp":"2025-10-09T22:44:27.029936"}
{"activity":"myAll","resource":"BookingService","caseId":"UNKNOWN","timestamp":"2025-10-09T22:55:03.989588"}
{"activity":"myAll","resource":"BookingService","caseId":"UNKNOWN","timestamp":"2025-10-09T22:55:38.148745"}
{"activity":"listAll","resource":"CenterService","caseId":"No args","timestamp":"2025-10-09T22:55:46.450330"}
{"activity":"myAll","resource":"BookingService","caseId":"UNKNOWN","timestamp":"2025-10-09T22:59:48.992286"}
{"activity":"listAll","resource":"CenterService","caseId":"No args","timestamp":"2025-10-09T22:59:51.137325"}
{"activity":"myAll","resource":"BookingService","caseId":"UNKNOWN","timestamp":"2025-10-09T23:02:39.428933"}
{"activity":"completePass","resource":"BookingService","caseId":"8","timestamp":"2025-10-09T23:02:43.271743"}
{"activity":"myAll","resource":"BookingService","caseId":"UNKNOWN","timestamp":"2025-10-09T23:05:42.739090"}
{"activity":"listAll","resource":"CenterService","caseId":"No args","timestamp":"2025-10-09T23:08:10.484789"}
{"activity":"myAll","resource":"BookingService","caseId":"UNKNOWN","timestamp":"2025-10-09T23:18:45.889056"}
{"activity":"listAll","resource":"CenterService","caseId":"No args","timestamp":"2025-10-09T23:18:53.875529"}
{"activity":"bookCenterOnly","resource":"BookingService","caseId":"1","timestamp":"2025-10-09T23:19:12.881738"}
{"activity":"myAll","resource":"BookingService","caseId":"UNKNOWN","timestamp":"2025-10-09T23:19:15.392903"}
{"activity":"completePass","resource":"BookingService","caseId":"9","timestamp":"2025-10-09T23:19:23.519361"}
{"activity":"paySuccess","resource":"BookingService","caseId":"9","timestamp":"2025-10-09T23:19:33.945123"}
{"activity":"myAll","resource":"BookingService","caseId":"UNKNOWN","timestamp":"2025-10-09T23:23:50.065705"}
{"activity":"listAll","resource":"CenterService","caseId":"No args","timestamp":"2025-10-09T23:24:09.551446"}
{"activity":"myAll","resource":"BookingService","caseId":"UNKNOWN","timestamp":"2025-10-09T23:24:35.261509"}
{"activity":"listAll","resource":"CenterService","caseId":"No args","timestamp":"2025-10-09T23:24:40.658325"}
{"activity":"bookCenterOnly","resource":"BookingService","caseId":"1","timestamp":"2025-10-09T23:25:02.956602"}
{"activity":"myAll","resource":"BookingService","caseId":"UNKNOWN","timestamp":"2025-10-09T23:25:04.552427"}
{"activity":"completePass","resource":"BookingService","caseId":"10","timestamp":"2025-10-09T23:25:09.753548"}
{"activity":"paySuccess","resource":"BookingService","caseId":"10","timestamp":"2025-10-09T23:25:12.515938"}
{"activity":"paySuccess","resource":"BookingService","caseId":"10","timestamp":"2025-10-09T23:25:23.810733"}
{"activity":"paySuccess","resource":"BookingService","caseId":"10","timestamp":"2025-10-09T23:25:25.231942"}
{"activity":"paySuccess","resource":"BookingService","caseId":"10","timestamp":"2025-10-09T23:25:25.709604"}
{"activity":"paySuccess","resource":"BookingService","caseId":"10","timestamp":"2025-10-09T23:25:25.968348"}
{"activity":"paySuccess","resource":"BookingService","caseId":"10","timestamp":"2025-10-09T23:25:26.197637"}
{"activity":"paySuccess","resource":"BookingService","caseId":"10","timestamp":"2025-10-09T23:25:26.379226"}
{"activity":"paySuccess","resource":"BookingService","caseId":"10","timestamp":"2025-10-09T23:25:26.559573"}
{"activity":"paySuccess","resource":"BookingService","caseId":"10","timestamp":"2025-10-09T23:25:31.199266"}
{"activity":"paySuccess","resource":"BookingService","caseId":"10","timestamp":"2025-10-09T23:25:31.508322"}
{"activity":"paySuccess","resource":"BookingService","caseId":"10","timestamp":"2025-10-09T23:25:31.951558"}
{"activity":"paySuccess","resource":"BookingService","caseId":"10","timestamp":"2025-10-09T23:25:32.628873"}
{"activity":"paySuccess","resource":"BookingService","caseId":"10","timestamp":"2025-10-09T23:25:33.176643"}
{"activity":"paySuccess","resource":"BookingService","caseId":"10","timestamp":"2025-10-09T23:25:33.770542"}
{"activity":"paySuccess","resource":"BookingService","caseId":"10","timestamp":"2025-10-09T23:25:33.973609"}
{"activity":"paySuccess","resource":"BookingService","caseId":"10","timestamp":"2025-10-09T23:25:34.158889"}
{"activity":"paySuccess","resource":"BookingService","caseId":"10","timestamp":"2025-10-09T23:27:40.351289"}
{"activity":"myAll","resource":"BookingService","caseId":"UNKNOWN","timestamp":"2025-10-09T23:27:57.869752"}
{"activity":"paySuccess","resource":"BookingService","caseId":"9","timestamp":"2025-10-09T23:31:20.057544"}
{"activity":"paySuccess","resource":"BookingService","caseId":"9","timestamp":"2025-10-09T23:32:17.447503"}
{"activity":"paySuccess","resource":"BookingService","caseId":"10","timestamp":"2025-10-09T23:33:11.705154"}
{"activity":"paySuccess","resource":"BookingService","caseId":"9","timestamp":"2025-10-09T23:33:14.222717"}
{"activity":"paySuccess","resource":"BookingService","caseId":"8","timestamp":"2025-10-09T23:33:15.464389"}
{"activity":"myAll","resource":"BookingService","caseId":"UNKNOWN","timestamp":"2025-10-09T23:33:48.472111"}
{"activity":"listAll","resource":"CenterService","caseId":"No args","timestamp":"2025-10-09T23:34:08.823594"}
