{"activity":"queryParkingHistory","resource":"ParkingService","caseId":"ABC123","timestamp":"2025-10-10T22:00:54.652243600"}
{"activity":"queryParkingHistory","resource":"ParkingService","caseId":"ABC12333","timestamp":"2025-10-10T22:06:44.476108700"}
{"activity":"startParking","resource":"ParkingService","caseId":"ABB","timestamp":"2025-10-10T22:07:22.165541800"}
{"activity":"startParking","resource":"ParkingService","caseId":"ABB","timestamp":"2025-10-10T22:07:51.985853700"}
{"activity":"queryParkingHistory","resource":"ParkingService","caseId":"ABB","timestamp":"2025-10-10T22:09:14.971460200"}
{"activity":"queryParkingHistory","resource":"ParkingService","caseId":"ABB","timestamp":"2025-10-10T22:09:36.324532700"}
{"activity":"queryParkingHistory","resource":"ParkingService","caseId":"ABB","timestamp":"2025-10-10T22:10:06.254929200"}
{"activity":"startParking","resource":"ParkingService","caseId":"ABB","timestamp":"2025-10-10T22:21:44.307608500"}
{"activity":"queryParkingHistory","resource":"ParkingService","caseId":"ABC12333","timestamp":"2025-10-10T22:22:12.666036700"}
{"activity":"startParking","resource":"ParkingService","caseId":"ABB","timestamp":"2025-10-10T22:24:17.960653100"}
{"activity":"queryParkingHistory","resource":"ParkingService","caseId":"ABB","timestamp":"2025-10-10T22:24:22.417279500"}
{"activity":"queryParkingHistory","resource":"ParkingService","caseId":"ABB","timestamp":"2025-10-10T22:24:33.522711200"}
{"activity":"queryParkingHistory","resource":"ParkingService","caseId":"ABB","timestamp":"2025-10-10T22:35:52.753957200"}
{"activity":"queryParkingHistory","resource":"ParkingService","caseId":"ABB","timestamp":"2025-10-10T22:35:57.812500200"}
{"activity":"endParking","resource":"ParkingService","caseId":"ABB","timestamp":"2025-10-10T22:36:05.019300800"}
{"activity":"endParking","resource":"ParkingService","caseId":"ABB","timestamp":"2025-10-10T22:36:09.458776500"}
{"activity":"payParkingFee","resource":"ParkingService","caseId":"ABB","timestamp":"2025-10-10T22:36:11.993745900"}
{"activity":"payParkingFee","resource":"ParkingService","caseId":"ABB","timestamp":"2025-10-10T22:36:13.245666800"}
{"activity":"queryParkingHistory","resource":"ParkingService","caseId":"ABB","timestamp":"2025-10-10T22:36:17.657116300"}
{"activity":"queryParkingHistory","resource":"ParkingService","caseId":"ABC123","timestamp":"2025-10-10T22:36:33.563548300"}
{"activity":"queryParkingHistory","resource":"ParkingService","caseId":"ABC12333","timestamp":"2025-10-10T22:36:36.872160800"}
{"activity":"payParkingFee","resource":"ParkingService","caseId":"ABC12333","timestamp":"2025-10-10T22:36:44.830356600"}
{"activity":"payParkingFee","resource":"ParkingService","caseId":"ABC12333","timestamp":"2025-10-10T22:36:46.227598400"}
{"activity":"queryParkingHistory","resource":"ParkingService","caseId":"ABC12333","timestamp":"2025-10-10T22:36:47.387189700"}
{"activity":"payParkingFee","resource":"ParkingService","caseId":"ABC12333","timestamp":"2025-10-10T22:37:00.068040500"}
{"activity":"queryParkingHistory","resource":"ParkingService","caseId":"ABC12333","timestamp":"2025-10-10T22:37:02.694482"}
{"activity":"queryParkingHistory","resource":"ParkingService","caseId":"ABC123","timestamp":"2025-10-10T22:00:54.652243600"}
{"activity":"queryParkingHistory","resource":"ParkingService","caseId":"ABC12333","timestamp":"2025-10-10T22:06:44.476108700"}
{"activity":"startParking","resource":"ParkingService","caseId":"ABB","timestamp":"2025-10-10T22:07:22.165541800"}
{"activity":"startParking","resource":"ParkingService","caseId":"ABB","timestamp":"2025-10-10T22:07:51.985853700"}
{"activity":"queryParkingHistory","resource":"ParkingService","caseId":"ABB","timestamp":"2025-10-10T22:09:14.971460200"}
{"activity":"queryParkingHistory","resource":"ParkingService","caseId":"ABB","timestamp":"2025-10-10T22:09:36.324532700"}
{"activity":"queryParkingHistory","resource":"ParkingService","caseId":"ABB","timestamp":"2025-10-10T22:10:06.254929200"}
{"activity":"startParking","resource":"ParkingService","caseId":"ABB","timestamp":"2025-10-10T22:21:44.307608500"}
{"activity":"queryParkingHistory","resource":"ParkingService","caseId":"ABC12333","timestamp":"2025-10-10T22:22:12.666036700"}
{"activity":"startParking","resource":"ParkingService","caseId":"ABB","timestamp":"2025-10-10T22:24:17.960653100"}
{"activity":"queryParkingHistory","resource":"ParkingService","caseId":"ABB","timestamp":"2025-10-10T22:24:22.417279500"}
{"activity":"queryParkingHistory","resource":"ParkingService","caseId":"ABB","timestamp":"2025-10-10T22:24:33.522711200"}
{"activity":"queryParkingHistory","resource":"ParkingService","caseId":"ABB","timestamp":"2025-10-10T22:35:52.753957200"}
{"activity":"queryParkingHistory","resource":"ParkingService","caseId":"ABB","timestamp":"2025-10-10T22:35:57.812500200"}
{"activity":"endParking","resource":"ParkingService","caseId":"ABB","timestamp":"2025-10-10T22:36:05.019300800"}
{"activity":"endParking","resource":"ParkingService","caseId":"ABB","timestamp":"2025-10-10T22:36:09.458776500"}
{"activity":"payParkingFee","resource":"ParkingService","caseId":"ABB","timestamp":"2025-10-10T22:36:11.993745900"}
{"activity":"payParkingFee","resource":"ParkingService","caseId":"ABB","timestamp":"2025-10-10T22:36:13.245666800"}
{"activity":"queryParkingHistory","resource":"ParkingService","caseId":"ABB","timestamp":"2025-10-10T22:36:17.657116300"}
{"activity":"queryParkingHistory","resource":"ParkingService","caseId":"ABC123","timestamp":"2025-10-10T22:36:33.563548300"}
{"activity":"queryParkingHistory","resource":"ParkingService","caseId":"ABC12333","timestamp":"2025-10-10T22:36:36.872160800"}
{"activity":"payParkingFee","resource":"ParkingService","caseId":"ABC12333","timestamp":"2025-10-10T22:36:44.830356600"}
{"activity":"payParkingFee","resource":"ParkingService","caseId":"ABC12333","timestamp":"2025-10-10T22:36:46.227598400"}
{"activity":"queryParkingHistory","resource":"ParkingService","caseId":"ABC12333","timestamp":"2025-10-10T22:36:47.387189700"}
{"activity":"payParkingFee","resource":"ParkingService","caseId":"ABC12333","timestamp":"2025-10-10T22:37:00.068040500"}
{"activity":"queryParkingHistory","resource":"ParkingService","caseId":"ABC12333","timestamp":"2025-10-10T22:37:02.694482"}
